[debug] [2023-07-07T12:30:56.476Z] ----------------------------------------------------------------------
[debug] [2023-07-07T12:30:56.478Z] Command:       C:\Program Files\nodejs\node.exe C:\Users\USER\AppData\Roaming\npm\node_modules\firebase-tools\lib\bin\firebase.js emulators:start
[debug] [2023-07-07T12:30:56.479Z] CLI Version:   12.4.3
[debug] [2023-07-07T12:30:56.479Z] Platform:      win32
[debug] [2023-07-07T12:30:56.479Z] Node Version:  v20.1.0
[debug] [2023-07-07T12:30:56.479Z] Time:          Fri Jul 07 2023 13:30:56 GMT+0100 (West Africa Standard Time)
[debug] [2023-07-07T12:30:56.480Z] ----------------------------------------------------------------------
[debug] 
[debug] [2023-07-07T12:30:56.556Z] > command requires scopes: ["email","openid","https://www.googleapis.com/auth/cloudplatformprojects.readonly","https://www.googleapis.com/auth/firebase","https://www.googleapis.com/auth/cloud-platform"]
[debug] [2023-07-07T12:30:56.557Z] > authorizing via signed-in user (divinedotun@gmail.com)
[debug] [2023-07-07T12:30:56.658Z] java version "20.0.1" 2023-04-18

[debug] [2023-07-07T12:30:56.659Z] Java(TM) SE Runtime Environment (build 20.0.1+9-29)
Java HotSpot(TM) 64-Bit Server VM (build 20.0.1+9-29, mixed mode, sharing)

[debug] [2023-07-07T12:30:56.672Z] Parsed Java major version: 20
[info] i  emulators: Starting emulators: auth, firestore {"metadata":{"emulator":{"name":"hub"},"message":"Starting emulators: auth, firestore"}}
[debug] [2023-07-07T12:30:56.689Z] [logging] Logging Emulator only supports listening on one address (127.0.0.1). Not listening on ::1
[debug] [2023-07-07T12:30:56.689Z] [auth] Authentication Emulator only supports listening on one address (127.0.0.1). Not listening on ::1
[debug] [2023-07-07T12:30:56.689Z] [firestore] Firestore Emulator only supports listening on one address (127.0.0.1). Not listening on ::1
[debug] [2023-07-07T12:30:56.689Z] [firestore.websocket] websocket server for firestore only supports listening on one address (127.0.0.1). Not listening on ::1
[debug] [2023-07-07T12:30:56.689Z] assigned listening specs for emulators {"user":{"hub":[{"address":"127.0.0.1","family":"IPv4","port":4400},{"address":"::1","family":"IPv6","port":4400}],"ui":[{"address":"127.0.0.1","family":"IPv4","port":4000},{"address":"::1","family":"IPv6","port":4000}],"logging":[{"address":"127.0.0.1","family":"IPv4","port":4500}],"auth":[{"address":"127.0.0.1","family":"IPv4","port":9099}],"firestore":[{"address":"127.0.0.1","family":"IPv4","port":8080}],"firestore.websocket":[{"address":"127.0.0.1","family":"IPv4","port":9150}]},"metadata":{"message":"assigned listening specs for emulators"}}
[debug] [2023-07-07T12:30:56.699Z] [hub] writing locator at C:\Users\USER\AppData\Local\Temp\hub-chatter-2b64d.json
[debug] [2023-07-07T12:30:56.711Z] Ignoring unsupported arg: auto_download {"metadata":{"emulator":{"name":"firestore"},"message":"Ignoring unsupported arg: auto_download"}}
[debug] [2023-07-07T12:30:56.711Z] Ignoring unsupported arg: single_project_mode_error {"metadata":{"emulator":{"name":"firestore"},"message":"Ignoring unsupported arg: single_project_mode_error"}}
[debug] [2023-07-07T12:30:56.711Z] Starting Firestore Emulator with command {"binary":"java","args":["-Dgoogle.cloud_firestore.debug_log_level=FINE","-Duser.language=en","-jar","C:\\Users\\USER\\.cache\\firebase\\emulators\\cloud-firestore-emulator-v1.18.1.jar","--host","127.0.0.1","--port",8080,"--websocket_port",9150,"--project_id","chatter-2b64d","--rules","C:\\Users\\USER\\Tech\\mine\\chatter\\firestore.rules","--single_project_mode",true],"optionalArgs":["port","webchannel_port","host","rules","websocket_port","functions_emulator","seed_from_export","project_id","single_project_mode"],"joinArgs":false} {"metadata":{"emulator":{"name":"firestore"},"message":"Starting Firestore Emulator with command {\"binary\":\"java\",\"args\":[\"-Dgoogle.cloud_firestore.debug_log_level=FINE\",\"-Duser.language=en\",\"-jar\",\"C:\\\\Users\\\\USER\\\\.cache\\\\firebase\\\\emulators\\\\cloud-firestore-emulator-v1.18.1.jar\",\"--host\",\"127.0.0.1\",\"--port\",8080,\"--websocket_port\",9150,\"--project_id\",\"chatter-2b64d\",\"--rules\",\"C:\\\\Users\\\\USER\\\\Tech\\\\mine\\\\chatter\\\\firestore.rules\",\"--single_project_mode\",true],\"optionalArgs\":[\"port\",\"webchannel_port\",\"host\",\"rules\",\"websocket_port\",\"functions_emulator\",\"seed_from_export\",\"project_id\",\"single_project_mode\"],\"joinArgs\":false}"}}
[info] i  firestore: Firestore Emulator logging to firestore-debug.log {"metadata":{"emulator":{"name":"firestore"},"message":"Firestore Emulator logging to \u001b[1mfirestore-debug.log\u001b[22m"}}
[info] +  firestore: Firestore Emulator UI websocket is running on 9150. {"metadata":{"emulator":{"name":"firestore"},"message":"Firestore Emulator UI websocket is running on 9150."}}
[info] i  ui: downloading ui-v1.11.7.zip... {"metadata":{"emulator":{"name":"ui"},"message":"downloading ui-v1.11.7.zip..."}}
[debug] [2023-07-07T12:31:05.258Z] >>> [apiv2][query] GET https://storage.googleapis.com/firebase-preview-drop/emulator/ui-v1.11.7.zip 
[debug] [2023-07-07T12:31:05.800Z] <<< [apiv2][status] GET https://storage.googleapis.com/firebase-preview-drop/emulator/ui-v1.11.7.zip 200
[debug] [2023-07-07T12:31:05.800Z] <<< [apiv2][body] GET https://storage.googleapis.com/firebase-preview-drop/emulator/ui-v1.11.7.zip [stream]
[debug] [2023-07-07T12:31:07.522Z] Data is 3064105
[debug] [2023-07-07T12:31:07.522Z] [unzip] Entry: client/ (compressed_size=0 bytes, uncompressed_size=0 bytes)
[debug] [2023-07-07T12:31:07.522Z] [unzip] Processing entry: client\
[debug] [2023-07-07T12:31:07.522Z] [unzip] mkdir: C:\Users\USER\.cache\firebase\emulators\ui-v1.11.7\client\
[debug] [2023-07-07T12:31:07.525Z] [unzip] Entry: client/favicon.ico (compressed_size=2497 bytes, uncompressed_size=7406 bytes)
[debug] [2023-07-07T12:31:07.526Z] [unzip] Processing entry: client\favicon.ico
[debug] [2023-07-07T12:31:07.526Z] [unzip] else mkdir: C:\Users\USER\.cache\firebase\emulators\ui-v1.11.7\client
[debug] [2023-07-07T12:31:07.526Z] [unzip] deflating: C:\Users\USER\.cache\firebase\emulators\ui-v1.11.7\client\favicon.ico
[debug] [2023-07-07T12:31:07.531Z] [unzip] Entry: client/apple-touch-icon.png (compressed_size=7231 bytes, uncompressed_size=7367 bytes)
[debug] [2023-07-07T12:31:07.531Z] [unzip] Processing entry: client\apple-touch-icon.png
[debug] [2023-07-07T12:31:07.531Z] [unzip] else mkdir: C:\Users\USER\.cache\firebase\emulators\ui-v1.11.7\client
[debug] [2023-07-07T12:31:07.532Z] [unzip] deflating: C:\Users\USER\.cache\firebase\emulators\ui-v1.11.7\client\apple-touch-icon.png
[debug] [2023-07-07T12:31:07.533Z] [unzip] Entry: client/android-chrome-512x512.png (compressed_size=16987 bytes, uncompressed_size=18186 bytes)
[debug] [2023-07-07T12:31:07.533Z] [unzip] Processing entry: client\android-chrome-512x512.png
[debug] [2023-07-07T12:31:07.533Z] [unzip] else mkdir: C:\Users\USER\.cache\firebase\emulators\ui-v1.11.7\client
[debug] [2023-07-07T12:31:07.533Z] [unzip] deflating: C:\Users\USER\.cache\firebase\emulators\ui-v1.11.7\client\android-chrome-512x512.png
[debug] [2023-07-07T12:31:07.535Z] [unzip] Entry: client/assets/ (compressed_size=0 bytes, uncompressed_size=0 bytes)
[debug] [2023-07-07T12:31:07.535Z] [unzip] Processing entry: client\assets\
[debug] [2023-07-07T12:31:07.536Z] [unzip] mkdir: C:\Users\USER\.cache\firebase\emulators\ui-v1.11.7\client\assets\
[debug] [2023-07-07T12:31:07.536Z] [unzip] Entry: client/assets/extensions/ (compressed_size=0 bytes, uncompressed_size=0 bytes)
[debug] [2023-07-07T12:31:07.536Z] [unzip] Processing entry: client\assets\extensions\
[debug] [2023-07-07T12:31:07.536Z] [unzip] mkdir: C:\Users\USER\.cache\firebase\emulators\ui-v1.11.7\client\assets\extensions\
[debug] [2023-07-07T12:31:07.537Z] [unzip] Entry: client/assets/extensions/default-extension.png (compressed_size=1646 bytes, uncompressed_size=1657 bytes)
[debug] [2023-07-07T12:31:07.537Z] [unzip] Processing entry: client\assets\extensions\default-extension.png
[debug] [2023-07-07T12:31:07.537Z] [unzip] else mkdir: C:\Users\USER\.cache\firebase\emulators\ui-v1.11.7\client\assets\extensions
[debug] [2023-07-07T12:31:07.537Z] [unzip] deflating: C:\Users\USER\.cache\firebase\emulators\ui-v1.11.7\client\assets\extensions\default-extension.png
[debug] [2023-07-07T12:31:07.539Z] [unzip] Entry: client/assets/index.58ca09f7.css (compressed_size=37601 bytes, uncompressed_size=321252 bytes)
[debug] [2023-07-07T12:31:07.539Z] [unzip] Processing entry: client\assets\index.58ca09f7.css
[debug] [2023-07-07T12:31:07.539Z] [unzip] else mkdir: C:\Users\USER\.cache\firebase\emulators\ui-v1.11.7\client\assets
[debug] [2023-07-07T12:31:07.539Z] [unzip] deflating: C:\Users\USER\.cache\firebase\emulators\ui-v1.11.7\client\assets\index.58ca09f7.css
[debug] [2023-07-07T12:31:07.543Z] [unzip] Entry: client/assets/index.c2583d42.js (compressed_size=526232 bytes, uncompressed_size=1860152 bytes)
[debug] [2023-07-07T12:31:07.543Z] [unzip] Processing entry: client\assets\index.c2583d42.js
[debug] [2023-07-07T12:31:07.543Z] [unzip] else mkdir: C:\Users\USER\.cache\firebase\emulators\ui-v1.11.7\client\assets
[debug] [2023-07-07T12:31:07.544Z] [unzip] deflating: C:\Users\USER\.cache\firebase\emulators\ui-v1.11.7\client\assets\index.c2583d42.js
[debug] [2023-07-07T12:31:07.561Z] [unzip] Entry: client/assets/provider-icons/ (compressed_size=0 bytes, uncompressed_size=0 bytes)
[debug] [2023-07-07T12:31:07.561Z] [unzip] Processing entry: client\assets\provider-icons\
[debug] [2023-07-07T12:31:07.561Z] [unzip] mkdir: C:\Users\USER\.cache\firebase\emulators\ui-v1.11.7\client\assets\provider-icons\
[debug] [2023-07-07T12:31:07.562Z] [unzip] Entry: client/assets/provider-icons/auth_service_oidc.svg (compressed_size=414 bytes, uncompressed_size=858 bytes)
[debug] [2023-07-07T12:31:07.562Z] [unzip] Processing entry: client\assets\provider-icons\auth_service_oidc.svg
[debug] [2023-07-07T12:31:07.562Z] [unzip] else mkdir: C:\Users\USER\.cache\firebase\emulators\ui-v1.11.7\client\assets\provider-icons
[debug] [2023-07-07T12:31:07.562Z] [unzip] deflating: C:\Users\USER\.cache\firebase\emulators\ui-v1.11.7\client\assets\provider-icons\auth_service_oidc.svg
[debug] [2023-07-07T12:31:07.563Z] [unzip] Entry: client/assets/provider-icons/auth_service_yahoo.svg (compressed_size=577 bytes, uncompressed_size=1182 bytes)
[debug] [2023-07-07T12:31:07.564Z] [unzip] Processing entry: client\assets\provider-icons\auth_service_yahoo.svg
[debug] [2023-07-07T12:31:07.564Z] [unzip] else mkdir: C:\Users\USER\.cache\firebase\emulators\ui-v1.11.7\client\assets\provider-icons
[debug] [2023-07-07T12:31:07.564Z] [unzip] deflating: C:\Users\USER\.cache\firebase\emulators\ui-v1.11.7\client\assets\provider-icons\auth_service_yahoo.svg
[debug] [2023-07-07T12:31:07.565Z] [unzip] Entry: client/assets/provider-icons/auth_service_phone.svg (compressed_size=261 bytes, uncompressed_size=414 bytes)
[debug] [2023-07-07T12:31:07.565Z] [unzip] Processing entry: client\assets\provider-icons\auth_service_phone.svg
[debug] [2023-07-07T12:31:07.565Z] [unzip] else mkdir: C:\Users\USER\.cache\firebase\emulators\ui-v1.11.7\client\assets\provider-icons
[debug] [2023-07-07T12:31:07.566Z] [unzip] deflating: C:\Users\USER\.cache\firebase\emulators\ui-v1.11.7\client\assets\provider-icons\auth_service_phone.svg
[debug] [2023-07-07T12:31:07.567Z] [unzip] Entry: client/assets/provider-icons/auth_service_saml.svg (compressed_size=575 bytes, uncompressed_size=1226 bytes)
[debug] [2023-07-07T12:31:07.567Z] [unzip] Processing entry: client\assets\provider-icons\auth_service_saml.svg
[debug] [2023-07-07T12:31:07.567Z] [unzip] else mkdir: C:\Users\USER\.cache\firebase\emulators\ui-v1.11.7\client\assets\provider-icons
[debug] [2023-07-07T12:31:07.568Z] [unzip] deflating: C:\Users\USER\.cache\firebase\emulators\ui-v1.11.7\client\assets\provider-icons\auth_service_saml.svg
[debug] [2023-07-07T12:31:07.569Z] [unzip] Entry: client/assets/provider-icons/auth_service_mslive.svg (compressed_size=203 bytes, uncompressed_size=378 bytes)
[debug] [2023-07-07T12:31:07.569Z] [unzip] Processing entry: client\assets\provider-icons\auth_service_mslive.svg
[debug] [2023-07-07T12:31:07.569Z] [unzip] else mkdir: C:\Users\USER\.cache\firebase\emulators\ui-v1.11.7\client\assets\provider-icons
[debug] [2023-07-07T12:31:07.570Z] [unzip] deflating: C:\Users\USER\.cache\firebase\emulators\ui-v1.11.7\client\assets\provider-icons\auth_service_mslive.svg
[debug] [2023-07-07T12:31:07.571Z] [unzip] Entry: client/assets/provider-icons/auth_service_facebook.svg (compressed_size=289 bytes, uncompressed_size=457 bytes)
[debug] [2023-07-07T12:31:07.571Z] [unzip] Processing entry: client\assets\provider-icons\auth_service_facebook.svg
[debug] [2023-07-07T12:31:07.571Z] [unzip] else mkdir: C:\Users\USER\.cache\firebase\emulators\ui-v1.11.7\client\assets\provider-icons
[debug] [2023-07-07T12:31:07.571Z] [unzip] deflating: C:\Users\USER\.cache\firebase\emulators\ui-v1.11.7\client\assets\provider-icons\auth_service_facebook.svg
[debug] [2023-07-07T12:31:07.573Z] [unzip] Entry: client/assets/provider-icons/auth_service_play_games.svg (compressed_size=565 bytes, uncompressed_size=1173 bytes)
[debug] [2023-07-07T12:31:07.573Z] [unzip] Processing entry: client\assets\provider-icons\auth_service_play_games.svg
[debug] [2023-07-07T12:31:07.573Z] [unzip] else mkdir: C:\Users\USER\.cache\firebase\emulators\ui-v1.11.7\client\assets\provider-icons
[debug] [2023-07-07T12:31:07.573Z] [unzip] deflating: C:\Users\USER\.cache\firebase\emulators\ui-v1.11.7\client\assets\provider-icons\auth_service_play_games.svg
[debug] [2023-07-07T12:31:07.574Z] [unzip] Entry: client/assets/provider-icons/auth_service_github.svg (compressed_size=466 bytes, uncompressed_size=838 bytes)
[debug] [2023-07-07T12:31:07.574Z] [unzip] Processing entry: client\assets\provider-icons\auth_service_github.svg
[debug] [2023-07-07T12:31:07.574Z] [unzip] else mkdir: C:\Users\USER\.cache\firebase\emulators\ui-v1.11.7\client\assets\provider-icons
[debug] [2023-07-07T12:31:07.575Z] [unzip] deflating: C:\Users\USER\.cache\firebase\emulators\ui-v1.11.7\client\assets\provider-icons\auth_service_github.svg
[debug] [2023-07-07T12:31:07.576Z] [unzip] Entry: client/assets/provider-icons/auth_service_apple.svg (compressed_size=230 bytes, uncompressed_size=334 bytes)
[debug] [2023-07-07T12:31:07.576Z] [unzip] Processing entry: client\assets\provider-icons\auth_service_apple.svg
[debug] [2023-07-07T12:31:07.576Z] [unzip] else mkdir: C:\Users\USER\.cache\firebase\emulators\ui-v1.11.7\client\assets\provider-icons
[debug] [2023-07-07T12:31:07.576Z] [unzip] deflating: C:\Users\USER\.cache\firebase\emulators\ui-v1.11.7\client\assets\provider-icons\auth_service_apple.svg
[debug] [2023-07-07T12:31:07.578Z] [unzip] Entry: client/assets/provider-icons/auth_service_google.svg (compressed_size=409 bytes, uncompressed_size=720 bytes)
[debug] [2023-07-07T12:31:07.578Z] [unzip] Processing entry: client\assets\provider-icons\auth_service_google.svg
[debug] [2023-07-07T12:31:07.578Z] [unzip] else mkdir: C:\Users\USER\.cache\firebase\emulators\ui-v1.11.7\client\assets\provider-icons
[debug] [2023-07-07T12:31:07.578Z] [unzip] deflating: C:\Users\USER\.cache\firebase\emulators\ui-v1.11.7\client\assets\provider-icons\auth_service_google.svg
[debug] [2023-07-07T12:31:07.579Z] [unzip] Entry: client/assets/provider-icons/auth_service_email.svg (compressed_size=228 bytes, uncompressed_size=326 bytes)
[debug] [2023-07-07T12:31:07.579Z] [unzip] Processing entry: client\assets\provider-icons\auth_service_email.svg
[debug] [2023-07-07T12:31:07.579Z] [unzip] else mkdir: C:\Users\USER\.cache\firebase\emulators\ui-v1.11.7\client\assets\provider-icons
[debug] [2023-07-07T12:31:07.580Z] [unzip] deflating: C:\Users\USER\.cache\firebase\emulators\ui-v1.11.7\client\assets\provider-icons\auth_service_email.svg
[debug] [2023-07-07T12:31:07.581Z] [unzip] Entry: client/assets/provider-icons/auth_service_twitter.svg (compressed_size=444 bytes, uncompressed_size=751 bytes)
[debug] [2023-07-07T12:31:07.581Z] [unzip] Processing entry: client\assets\provider-icons\auth_service_twitter.svg
[debug] [2023-07-07T12:31:07.581Z] [unzip] else mkdir: C:\Users\USER\.cache\firebase\emulators\ui-v1.11.7\client\assets\provider-icons
[debug] [2023-07-07T12:31:07.581Z] [unzip] deflating: C:\Users\USER\.cache\firebase\emulators\ui-v1.11.7\client\assets\provider-icons\auth_service_twitter.svg
[debug] [2023-07-07T12:31:07.583Z] [unzip] Entry: client/assets/provider-icons/auth_service_game_center.svg (compressed_size=991 bytes, uncompressed_size=3921 bytes)
[debug] [2023-07-07T12:31:07.583Z] [unzip] Processing entry: client\assets\provider-icons\auth_service_game_center.svg
[debug] [2023-07-07T12:31:07.583Z] [unzip] else mkdir: C:\Users\USER\.cache\firebase\emulators\ui-v1.11.7\client\assets\provider-icons
[debug] [2023-07-07T12:31:07.583Z] [unzip] deflating: C:\Users\USER\.cache\firebase\emulators\ui-v1.11.7\client\assets\provider-icons\auth_service_game_center.svg
[debug] [2023-07-07T12:31:07.584Z] [unzip] Entry: client/assets/index.c2583d42.js.map (compressed_size=1778557 bytes, uncompressed_size=7961927 bytes)
[debug] [2023-07-07T12:31:07.585Z] [unzip] Processing entry: client\assets\index.c2583d42.js.map
[debug] [2023-07-07T12:31:07.585Z] [unzip] else mkdir: C:\Users\USER\.cache\firebase\emulators\ui-v1.11.7\client\assets
[debug] [2023-07-07T12:31:07.585Z] [unzip] deflating: C:\Users\USER\.cache\firebase\emulators\ui-v1.11.7\client\assets\index.c2583d42.js.map
[debug] [2023-07-07T12:31:07.637Z] [unzip] Entry: client/assets/img/ (compressed_size=0 bytes, uncompressed_size=0 bytes)
[debug] [2023-07-07T12:31:07.637Z] [unzip] Processing entry: client\assets\img\
[debug] [2023-07-07T12:31:07.637Z] [unzip] mkdir: C:\Users\USER\.cache\firebase\emulators\ui-v1.11.7\client\assets\img\
[debug] [2023-07-07T12:31:07.638Z] [unzip] Entry: client/assets/img/database.png (compressed_size=29449 bytes, uncompressed_size=29988 bytes)
[debug] [2023-07-07T12:31:07.638Z] [unzip] Processing entry: client\assets\img\database.png
[debug] [2023-07-07T12:31:07.638Z] [unzip] else mkdir: C:\Users\USER\.cache\firebase\emulators\ui-v1.11.7\client\assets\img
[debug] [2023-07-07T12:31:07.638Z] [unzip] deflating: C:\Users\USER\.cache\firebase\emulators\ui-v1.11.7\client\assets\img\database.png
[debug] [2023-07-07T12:31:07.639Z] [unzip] Entry: client/safari-pinned-tab.svg (compressed_size=838 bytes, uncompressed_size=1504 bytes)
[debug] [2023-07-07T12:31:07.639Z] [unzip] Processing entry: client\safari-pinned-tab.svg
[debug] [2023-07-07T12:31:07.639Z] [unzip] else mkdir: C:\Users\USER\.cache\firebase\emulators\ui-v1.11.7\client
[debug] [2023-07-07T12:31:07.640Z] [unzip] deflating: C:\Users\USER\.cache\firebase\emulators\ui-v1.11.7\client\safari-pinned-tab.svg
[debug] [2023-07-07T12:31:07.641Z] [unzip] Entry: client/mstile-150x150.png (compressed_size=5406 bytes, uncompressed_size=5723 bytes)
[debug] [2023-07-07T12:31:07.641Z] [unzip] Processing entry: client\mstile-150x150.png
[debug] [2023-07-07T12:31:07.641Z] [unzip] else mkdir: C:\Users\USER\.cache\firebase\emulators\ui-v1.11.7\client
[debug] [2023-07-07T12:31:07.641Z] [unzip] deflating: C:\Users\USER\.cache\firebase\emulators\ui-v1.11.7\client\mstile-150x150.png
[debug] [2023-07-07T12:31:07.642Z] [unzip] Entry: client/browserconfig.xml (compressed_size=491 bytes, uncompressed_size=822 bytes)
[debug] [2023-07-07T12:31:07.642Z] [unzip] Processing entry: client\browserconfig.xml
[debug] [2023-07-07T12:31:07.642Z] [unzip] else mkdir: C:\Users\USER\.cache\firebase\emulators\ui-v1.11.7\client
[debug] [2023-07-07T12:31:07.643Z] [unzip] deflating: C:\Users\USER\.cache\firebase\emulators\ui-v1.11.7\client\browserconfig.xml
[debug] [2023-07-07T12:31:07.643Z] [unzip] Entry: client/robots.txt (compressed_size=26 bytes, uncompressed_size=26 bytes)
[debug] [2023-07-07T12:31:07.644Z] [unzip] Processing entry: client\robots.txt
[debug] [2023-07-07T12:31:07.644Z] [unzip] else mkdir: C:\Users\USER\.cache\firebase\emulators\ui-v1.11.7\client
[debug] [2023-07-07T12:31:07.644Z] [unzip] Writing file: C:\Users\USER\.cache\firebase\emulators\ui-v1.11.7\client\robots.txt
[debug] [2023-07-07T12:31:07.645Z] [unzip] Entry: client/index.html (compressed_size=1363 bytes, uncompressed_size=3064 bytes)
[debug] [2023-07-07T12:31:07.645Z] [unzip] Processing entry: client\index.html
[debug] [2023-07-07T12:31:07.645Z] [unzip] else mkdir: C:\Users\USER\.cache\firebase\emulators\ui-v1.11.7\client
[debug] [2023-07-07T12:31:07.646Z] [unzip] deflating: C:\Users\USER\.cache\firebase\emulators\ui-v1.11.7\client\index.html
[debug] [2023-07-07T12:31:07.647Z] [unzip] Entry: client/favicon-16x16.png (compressed_size=757 bytes, uncompressed_size=777 bytes)
[debug] [2023-07-07T12:31:07.647Z] [unzip] Processing entry: client\favicon-16x16.png
[debug] [2023-07-07T12:31:07.647Z] [unzip] else mkdir: C:\Users\USER\.cache\firebase\emulators\ui-v1.11.7\client
[debug] [2023-07-07T12:31:07.647Z] [unzip] deflating: C:\Users\USER\.cache\firebase\emulators\ui-v1.11.7\client\favicon-16x16.png
[debug] [2023-07-07T12:31:07.648Z] [unzip] Entry: client/manifest.json (compressed_size=246 bytes, uncompressed_size=551 bytes)
[debug] [2023-07-07T12:31:07.648Z] [unzip] Processing entry: client\manifest.json
[debug] [2023-07-07T12:31:07.648Z] [unzip] else mkdir: C:\Users\USER\.cache\firebase\emulators\ui-v1.11.7\client
[debug] [2023-07-07T12:31:07.649Z] [unzip] deflating: C:\Users\USER\.cache\firebase\emulators\ui-v1.11.7\client\manifest.json
[debug] [2023-07-07T12:31:07.650Z] [unzip] Entry: client/favicon-32x32.png (compressed_size=1175 bytes, uncompressed_size=1175 bytes)
[debug] [2023-07-07T12:31:07.650Z] [unzip] Processing entry: client\favicon-32x32.png
[debug] [2023-07-07T12:31:07.650Z] [unzip] else mkdir: C:\Users\USER\.cache\firebase\emulators\ui-v1.11.7\client
[debug] [2023-07-07T12:31:07.650Z] [unzip] Writing file: C:\Users\USER\.cache\firebase\emulators\ui-v1.11.7\client\favicon-32x32.png
[debug] [2023-07-07T12:31:07.651Z] [unzip] Entry: client/android-chrome-192x192.png (compressed_size=7602 bytes, uncompressed_size=7834 bytes)
[debug] [2023-07-07T12:31:07.651Z] [unzip] Processing entry: client\android-chrome-192x192.png
[debug] [2023-07-07T12:31:07.651Z] [unzip] else mkdir: C:\Users\USER\.cache\firebase\emulators\ui-v1.11.7\client
[debug] [2023-07-07T12:31:07.651Z] [unzip] deflating: C:\Users\USER\.cache\firebase\emulators\ui-v1.11.7\client\android-chrome-192x192.png
[debug] [2023-07-07T12:31:07.652Z] [unzip] Entry: server/ (compressed_size=0 bytes, uncompressed_size=0 bytes)
[debug] [2023-07-07T12:31:07.652Z] [unzip] Processing entry: server\
[debug] [2023-07-07T12:31:07.652Z] [unzip] mkdir: C:\Users\USER\.cache\firebase\emulators\ui-v1.11.7\server\
[debug] [2023-07-07T12:31:07.653Z] [unzip] Entry: server/server.js (compressed_size=343746 bytes, uncompressed_size=1346374 bytes)
[debug] [2023-07-07T12:31:07.653Z] [unzip] Processing entry: server\server.js
[debug] [2023-07-07T12:31:07.653Z] [unzip] else mkdir: C:\Users\USER\.cache\firebase\emulators\ui-v1.11.7\server
[debug] [2023-07-07T12:31:07.653Z] [unzip] deflating: C:\Users\USER\.cache\firebase\emulators\ui-v1.11.7\server\server.js
[debug] [2023-07-07T12:31:07.663Z] [unzip] Entry: server/server.js.map (compressed_size=289157 bytes, uncompressed_size=1325651 bytes)
[debug] [2023-07-07T12:31:07.663Z] [unzip] Processing entry: server\server.js.map
[debug] [2023-07-07T12:31:07.663Z] [unzip] else mkdir: C:\Users\USER\.cache\firebase\emulators\ui-v1.11.7\server
[debug] [2023-07-07T12:31:07.663Z] [unzip] deflating: C:\Users\USER\.cache\firebase\emulators\ui-v1.11.7\server\server.js.map
[debug] [2023-07-07T12:31:07.672Z] Ignoring unsupported arg: auto_download {"metadata":{"emulator":{"name":"ui"},"message":"Ignoring unsupported arg: auto_download"}}
[debug] [2023-07-07T12:31:07.672Z] Ignoring unsupported arg: port {"metadata":{"emulator":{"name":"ui"},"message":"Ignoring unsupported arg: port"}}
[debug] [2023-07-07T12:31:07.672Z] Starting Emulator UI with command {"binary":"node","args":["C:\\Users\\USER\\.cache\\firebase\\emulators\\ui-v1.11.7\\server\\server.js"],"optionalArgs":[],"joinArgs":false} {"metadata":{"emulator":{"name":"ui"},"message":"Starting Emulator UI with command {\"binary\":\"node\",\"args\":[\"C:\\\\Users\\\\USER\\\\.cache\\\\firebase\\\\emulators\\\\ui-v1.11.7\\\\server\\\\server.js\"],\"optionalArgs\":[],\"joinArgs\":false}"}}
[info] i  ui: Emulator UI logging to ui-debug.log {"metadata":{"emulator":{"name":"ui"},"message":"Emulator UI logging to \u001b[1mui-debug.log\u001b[22m"}}
[debug] [2023-07-07T12:31:07.800Z] Web / API server started at 127.0.0.1:4000
 {"metadata":{"emulator":{"name":"ui"},"message":"Web / API server started at 127.0.0.1:4000\n"}}
[debug] [2023-07-07T12:31:07.801Z] Web / API server started at ::1:4000
 {"metadata":{"emulator":{"name":"ui"},"message":"Web / API server started at ::1:4000\n"}}
[info] 
┌─────────────────────────────────────────────────────────────┐
│ ✔  All emulators ready! It is now safe to connect your app. │
│ i  View Emulator UI at http://127.0.0.1:4000/               │
└─────────────────────────────────────────────────────────────┘

┌────────────────┬────────────────┬─────────────────────────────────┐
│ Emulator       │ Host:Port      │ View in Emulator UI             │
├────────────────┼────────────────┼─────────────────────────────────┤
│ Authentication │ 127.0.0.1:9099 │ http://127.0.0.1:4000/auth      │
├────────────────┼────────────────┼─────────────────────────────────┤
│ Firestore      │ 127.0.0.1:8080 │ http://127.0.0.1:4000/firestore │
└────────────────┴────────────────┴─────────────────────────────────┘
  Emulator Hub running at 127.0.0.1:4400
  Other reserved ports: 4500, 9150

Issues? Report them at https://github.com/firebase/firebase-tools/issues and attach the *-debug.log files.
 
[warn] !  Received a signed JWT. Auth Emulator does not validate JWTs and IS NOT SECURE {"metadata":{"emulator":{"name":"auth"},"message":"Received a signed JWT. Auth Emulator does not validate JWTs and IS NOT SECURE"}}
[debug] [2023-07-08T22:53:16.524Z] ----------------------------------------------------------------------
[debug] [2023-07-08T22:53:16.527Z] Command:       C:\Program Files\nodejs\node.exe C:\Users\USER\AppData\Roaming\npm\node_modules\firebase-tools\lib\bin\firebase.js emulators:start
[debug] [2023-07-08T22:53:16.528Z] CLI Version:   12.4.3
[debug] [2023-07-08T22:53:16.528Z] Platform:      win32
[debug] [2023-07-08T22:53:16.528Z] Node Version:  v20.1.0
[debug] [2023-07-08T22:53:16.528Z] Time:          Sat Jul 08 2023 23:53:16 GMT+0100 (West Africa Standard Time)
[debug] [2023-07-08T22:53:16.528Z] ----------------------------------------------------------------------
[debug] 
[debug] [2023-07-08T22:53:16.532Z] >>> [apiv2][query] GET https://firebase-public.firebaseio.com/cli.json [none]
[debug] [2023-07-08T22:53:16.648Z] > command requires scopes: ["email","openid","https://www.googleapis.com/auth/cloudplatformprojects.readonly","https://www.googleapis.com/auth/firebase","https://www.googleapis.com/auth/cloud-platform"]
[debug] [2023-07-08T22:53:16.649Z] > authorizing via signed-in user (divinedotun@gmail.com)
[debug] [2023-07-08T22:53:17.520Z] <<< [apiv2][status] GET https://firebase-public.firebaseio.com/cli.json 200
[debug] [2023-07-08T22:53:17.521Z] <<< [apiv2][body] GET https://firebase-public.firebaseio.com/cli.json {"cloudBuildErrorAfter":1594252800000,"cloudBuildWarnAfter":1590019200000,"defaultNode10After":1594252800000,"minVersion":"3.0.5","node8DeploysDisabledAfter":1613390400000,"node8RuntimeDisabledAfter":1615809600000,"node8WarnAfter":1600128000000}
[debug] [2023-07-08T22:53:17.992Z] java version "20.0.1" 2023-04-18
Java(TM) SE Runtime Environment (build 20.0.1+9-29)

[debug] [2023-07-08T22:53:17.993Z] Java HotSpot(TM) 64-Bit Server VM (build 20.0.1+9-29, mixed mode, sharing)

[debug] [2023-07-08T22:53:18.006Z] Parsed Java major version: 20
[info] i  emulators: Starting emulators: auth, firestore {"metadata":{"emulator":{"name":"hub"},"message":"Starting emulators: auth, firestore"}}
[debug] [2023-07-08T22:53:18.020Z] [logging] Logging Emulator only supports listening on one address (127.0.0.1). Not listening on ::1
[debug] [2023-07-08T22:53:18.021Z] [auth] Authentication Emulator only supports listening on one address (127.0.0.1). Not listening on ::1
[debug] [2023-07-08T22:53:18.021Z] [firestore] Firestore Emulator only supports listening on one address (127.0.0.1). Not listening on ::1
[debug] [2023-07-08T22:53:18.021Z] [firestore.websocket] websocket server for firestore only supports listening on one address (127.0.0.1). Not listening on ::1
[debug] [2023-07-08T22:53:18.021Z] assigned listening specs for emulators {"user":{"hub":[{"address":"127.0.0.1","family":"IPv4","port":4400},{"address":"::1","family":"IPv6","port":4400}],"ui":[{"address":"127.0.0.1","family":"IPv4","port":4000},{"address":"::1","family":"IPv6","port":4000}],"logging":[{"address":"127.0.0.1","family":"IPv4","port":4500}],"auth":[{"address":"127.0.0.1","family":"IPv4","port":9099}],"firestore":[{"address":"127.0.0.1","family":"IPv4","port":8080}],"firestore.websocket":[{"address":"127.0.0.1","family":"IPv4","port":9150}]},"metadata":{"message":"assigned listening specs for emulators"}}
[warn] !  emulators: It seems that you are running multiple instances of the emulator suite for project chatter-2b64d. This may result in unexpected behavior. 
[debug] [2023-07-08T22:53:18.033Z] [hub] writing locator at C:\Users\USER\AppData\Local\Temp\hub-chatter-2b64d.json
[debug] [2023-07-08T22:53:18.044Z] Ignoring unsupported arg: auto_download {"metadata":{"emulator":{"name":"firestore"},"message":"Ignoring unsupported arg: auto_download"}}
[debug] [2023-07-08T22:53:18.044Z] Ignoring unsupported arg: single_project_mode_error {"metadata":{"emulator":{"name":"firestore"},"message":"Ignoring unsupported arg: single_project_mode_error"}}
[debug] [2023-07-08T22:53:18.044Z] Starting Firestore Emulator with command {"binary":"java","args":["-Dgoogle.cloud_firestore.debug_log_level=FINE","-Duser.language=en","-jar","C:\\Users\\USER\\.cache\\firebase\\emulators\\cloud-firestore-emulator-v1.18.1.jar","--host","127.0.0.1","--port",8080,"--websocket_port",9150,"--project_id","chatter-2b64d","--rules","C:\\Users\\USER\\Tech\\mine\\chatter\\firestore.rules","--single_project_mode",true],"optionalArgs":["port","webchannel_port","host","rules","websocket_port","functions_emulator","seed_from_export","project_id","single_project_mode"],"joinArgs":false} {"metadata":{"emulator":{"name":"firestore"},"message":"Starting Firestore Emulator with command {\"binary\":\"java\",\"args\":[\"-Dgoogle.cloud_firestore.debug_log_level=FINE\",\"-Duser.language=en\",\"-jar\",\"C:\\\\Users\\\\USER\\\\.cache\\\\firebase\\\\emulators\\\\cloud-firestore-emulator-v1.18.1.jar\",\"--host\",\"127.0.0.1\",\"--port\",8080,\"--websocket_port\",9150,\"--project_id\",\"chatter-2b64d\",\"--rules\",\"C:\\\\Users\\\\USER\\\\Tech\\\\mine\\\\chatter\\\\firestore.rules\",\"--single_project_mode\",true],\"optionalArgs\":[\"port\",\"webchannel_port\",\"host\",\"rules\",\"websocket_port\",\"functions_emulator\",\"seed_from_export\",\"project_id\",\"single_project_mode\"],\"joinArgs\":false}"}}
[info] i  firestore: Firestore Emulator logging to firestore-debug.log {"metadata":{"emulator":{"name":"firestore"},"message":"Firestore Emulator logging to \u001b[1mfirestore-debug.log\u001b[22m"}}
[info] +  firestore: Firestore Emulator UI websocket is running on 9150. {"metadata":{"emulator":{"name":"firestore"},"message":"Firestore Emulator UI websocket is running on 9150."}}
[debug] [2023-07-08T22:53:26.143Z] Ignoring unsupported arg: auto_download {"metadata":{"emulator":{"name":"ui"},"message":"Ignoring unsupported arg: auto_download"}}
[debug] [2023-07-08T22:53:26.143Z] Ignoring unsupported arg: port {"metadata":{"emulator":{"name":"ui"},"message":"Ignoring unsupported arg: port"}}
[debug] [2023-07-08T22:53:26.144Z] Starting Emulator UI with command {"binary":"node","args":["C:\\Users\\USER\\.cache\\firebase\\emulators\\ui-v1.11.7\\server\\server.js"],"optionalArgs":[],"joinArgs":false} {"metadata":{"emulator":{"name":"ui"},"message":"Starting Emulator UI with command {\"binary\":\"node\",\"args\":[\"C:\\\\Users\\\\USER\\\\.cache\\\\firebase\\\\emulators\\\\ui-v1.11.7\\\\server\\\\server.js\"],\"optionalArgs\":[],\"joinArgs\":false}"}}
[info] i  ui: Emulator UI logging to ui-debug.log {"metadata":{"emulator":{"name":"ui"},"message":"Emulator UI logging to \u001b[1mui-debug.log\u001b[22m"}}
[debug] [2023-07-08T22:53:26.275Z] Web / API server started at 127.0.0.1:4000
 {"metadata":{"emulator":{"name":"ui"},"message":"Web / API server started at 127.0.0.1:4000\n"}}
[debug] [2023-07-08T22:53:26.275Z] Web / API server started at ::1:4000
 {"metadata":{"emulator":{"name":"ui"},"message":"Web / API server started at ::1:4000\n"}}
[info] 
┌─────────────────────────────────────────────────────────────┐
│ ✔  All emulators ready! It is now safe to connect your app. │
│ i  View Emulator UI at http://127.0.0.1:4000/               │
└─────────────────────────────────────────────────────────────┘

┌────────────────┬────────────────┬─────────────────────────────────┐
│ Emulator       │ Host:Port      │ View in Emulator UI             │
├────────────────┼────────────────┼─────────────────────────────────┤
│ Authentication │ 127.0.0.1:9099 │ http://127.0.0.1:4000/auth      │
├────────────────┼────────────────┼─────────────────────────────────┤
│ Firestore      │ 127.0.0.1:8080 │ http://127.0.0.1:4000/firestore │
└────────────────┴────────────────┴─────────────────────────────────┘
  Emulator Hub running at 127.0.0.1:4400
  Other reserved ports: 4500, 9150

Issues? Report them at https://github.com/firebase/firebase-tools/issues and attach the *-debug.log files.
 
[debug] [2023-07-13T15:27:19.775Z] ----------------------------------------------------------------------
[debug] [2023-07-13T15:27:19.777Z] Command:       C:\Program Files\nodejs\node.exe C:\Users\USER\AppData\Roaming\npm\node_modules\firebase-tools\lib\bin\firebase.js emulators:start
[debug] [2023-07-13T15:27:19.778Z] CLI Version:   12.4.3
[debug] [2023-07-13T15:27:19.778Z] Platform:      win32
[debug] [2023-07-13T15:27:19.778Z] Node Version:  v20.1.0
[debug] [2023-07-13T15:27:19.778Z] Time:          Thu Jul 13 2023 16:27:19 GMT+0100 (West Africa Standard Time)
[debug] [2023-07-13T15:27:19.778Z] ----------------------------------------------------------------------
[debug] 
[debug] [2023-07-13T15:27:19.781Z] >>> [apiv2][query] GET https://firebase-public.firebaseio.com/cli.json [none]
[debug] [2023-07-13T15:27:19.867Z] > command requires scopes: ["email","openid","https://www.googleapis.com/auth/cloudplatformprojects.readonly","https://www.googleapis.com/auth/firebase","https://www.googleapis.com/auth/cloud-platform"]
[debug] [2023-07-13T15:27:19.867Z] > authorizing via signed-in user (divinedotun@gmail.com)
[warn] !  Unable to fetch the CLI MOTD and remote config. 
[debug] [2023-07-13T15:27:19.879Z] Failed to fetch MOTD FirebaseError: Failed to make request to https://firebase-public.firebaseio.com/cli.json
[debug] [2023-07-13T15:27:19.985Z] java version "20.0.1" 2023-04-18

[debug] [2023-07-13T15:27:19.986Z] Java(TM) SE Runtime Environment (build 20.0.1+9-29)
Java HotSpot(TM) 64-Bit Server VM (build 20.0.1+9-29, mixed mode, sharing)

[debug] [2023-07-13T15:27:19.995Z] Parsed Java major version: 20
[info] i  emulators: Starting emulators: auth, firestore {"metadata":{"emulator":{"name":"hub"},"message":"Starting emulators: auth, firestore"}}
[debug] [2023-07-13T15:27:20.005Z] [logging] Logging Emulator only supports listening on one address (127.0.0.1). Not listening on ::1
[debug] [2023-07-13T15:27:20.005Z] [auth] Authentication Emulator only supports listening on one address (127.0.0.1). Not listening on ::1
[debug] [2023-07-13T15:27:20.006Z] [firestore] Firestore Emulator only supports listening on one address (127.0.0.1). Not listening on ::1
[debug] [2023-07-13T15:27:20.006Z] [firestore.websocket] websocket server for firestore only supports listening on one address (127.0.0.1). Not listening on ::1
[debug] [2023-07-13T15:27:20.006Z] assigned listening specs for emulators {"user":{"hub":[{"address":"127.0.0.1","family":"IPv4","port":4400},{"address":"::1","family":"IPv6","port":4400}],"ui":[{"address":"127.0.0.1","family":"IPv4","port":4000},{"address":"::1","family":"IPv6","port":4000}],"logging":[{"address":"127.0.0.1","family":"IPv4","port":4500}],"auth":[{"address":"127.0.0.1","family":"IPv4","port":9099}],"firestore":[{"address":"127.0.0.1","family":"IPv4","port":8080}],"firestore.websocket":[{"address":"127.0.0.1","family":"IPv4","port":9150}]},"metadata":{"message":"assigned listening specs for emulators"}}
[warn] !  emulators: It seems that you are running multiple instances of the emulator suite for project chatter-2b64d. This may result in unexpected behavior. 
[debug] [2023-07-13T15:27:20.014Z] [hub] writing locator at C:\Users\USER\AppData\Local\Temp\hub-chatter-2b64d.json
[debug] [2023-07-13T15:27:20.022Z] Ignoring unsupported arg: auto_download {"metadata":{"emulator":{"name":"firestore"},"message":"Ignoring unsupported arg: auto_download"}}
[debug] [2023-07-13T15:27:20.022Z] Ignoring unsupported arg: single_project_mode_error {"metadata":{"emulator":{"name":"firestore"},"message":"Ignoring unsupported arg: single_project_mode_error"}}
[debug] [2023-07-13T15:27:20.022Z] Starting Firestore Emulator with command {"binary":"java","args":["-Dgoogle.cloud_firestore.debug_log_level=FINE","-Duser.language=en","-jar","C:\\Users\\USER\\.cache\\firebase\\emulators\\cloud-firestore-emulator-v1.18.1.jar","--host","127.0.0.1","--port",8080,"--websocket_port",9150,"--project_id","chatter-2b64d","--rules","C:\\Users\\USER\\Tech\\mine\\chatter\\firestore.rules","--single_project_mode",true],"optionalArgs":["port","webchannel_port","host","rules","websocket_port","functions_emulator","seed_from_export","project_id","single_project_mode"],"joinArgs":false} {"metadata":{"emulator":{"name":"firestore"},"message":"Starting Firestore Emulator with command {\"binary\":\"java\",\"args\":[\"-Dgoogle.cloud_firestore.debug_log_level=FINE\",\"-Duser.language=en\",\"-jar\",\"C:\\\\Users\\\\USER\\\\.cache\\\\firebase\\\\emulators\\\\cloud-firestore-emulator-v1.18.1.jar\",\"--host\",\"127.0.0.1\",\"--port\",8080,\"--websocket_port\",9150,\"--project_id\",\"chatter-2b64d\",\"--rules\",\"C:\\\\Users\\\\USER\\\\Tech\\\\mine\\\\chatter\\\\firestore.rules\",\"--single_project_mode\",true],\"optionalArgs\":[\"port\",\"webchannel_port\",\"host\",\"rules\",\"websocket_port\",\"functions_emulator\",\"seed_from_export\",\"project_id\",\"single_project_mode\"],\"joinArgs\":false}"}}
[info] i  firestore: Firestore Emulator logging to firestore-debug.log {"metadata":{"emulator":{"name":"firestore"},"message":"Firestore Emulator logging to \u001b[1mfirestore-debug.log\u001b[22m"}}
[info] +  firestore: Firestore Emulator UI websocket is running on 9150. {"metadata":{"emulator":{"name":"firestore"},"message":"Firestore Emulator UI websocket is running on 9150."}}
[debug] [2023-07-13T15:27:26.244Z] Ignoring unsupported arg: auto_download {"metadata":{"emulator":{"name":"ui"},"message":"Ignoring unsupported arg: auto_download"}}
[debug] [2023-07-13T15:27:26.244Z] Ignoring unsupported arg: port {"metadata":{"emulator":{"name":"ui"},"message":"Ignoring unsupported arg: port"}}
[debug] [2023-07-13T15:27:26.244Z] Starting Emulator UI with command {"binary":"node","args":["C:\\Users\\USER\\.cache\\firebase\\emulators\\ui-v1.11.7\\server\\server.js"],"optionalArgs":[],"joinArgs":false} {"metadata":{"emulator":{"name":"ui"},"message":"Starting Emulator UI with command {\"binary\":\"node\",\"args\":[\"C:\\\\Users\\\\USER\\\\.cache\\\\firebase\\\\emulators\\\\ui-v1.11.7\\\\server\\\\server.js\"],\"optionalArgs\":[],\"joinArgs\":false}"}}
[info] i  ui: Emulator UI logging to ui-debug.log {"metadata":{"emulator":{"name":"ui"},"message":"Emulator UI logging to \u001b[1mui-debug.log\u001b[22m"}}
[debug] [2023-07-13T15:27:26.345Z] Web / API server started at 127.0.0.1:4000
 {"metadata":{"emulator":{"name":"ui"},"message":"Web / API server started at 127.0.0.1:4000\n"}}
[debug] [2023-07-13T15:27:26.346Z] Web / API server started at ::1:4000
 {"metadata":{"emulator":{"name":"ui"},"message":"Web / API server started at ::1:4000\n"}}
[info] 
┌─────────────────────────────────────────────────────────────┐
│ ✔  All emulators ready! It is now safe to connect your app. │
│ i  View Emulator UI at http://127.0.0.1:4000/               │
└─────────────────────────────────────────────────────────────┘

┌────────────────┬────────────────┬─────────────────────────────────┐
│ Emulator       │ Host:Port      │ View in Emulator UI             │
├────────────────┼────────────────┼─────────────────────────────────┤
│ Authentication │ 127.0.0.1:9099 │ http://127.0.0.1:4000/auth      │
├────────────────┼────────────────┼─────────────────────────────────┤
│ Firestore      │ 127.0.0.1:8080 │ http://127.0.0.1:4000/firestore │
└────────────────┴────────────────┴─────────────────────────────────┘
  Emulator Hub running at 127.0.0.1:4400
  Other reserved ports: 4500, 9150

Issues? Report them at https://github.com/firebase/firebase-tools/issues and attach the *-debug.log files.
 
[info] i  To verify the email address divinedotun+2@gmail.com, follow this link: http://127.0.0.1:9099/emulator/action?mode=verifyEmail&lang=en&oobCode=ymyj_cRQezn2pufF1DIfV8FnxKFdZvBjj_bmoFPuJ44oxkExbUe-vj&apiKey=fake-api-key {"metadata":{"emulator":{"name":"auth"},"message":"To verify the email address divinedotun+2@gmail.com, follow this link: http://127.0.0.1:9099/emulator/action?mode=verifyEmail&lang=en&oobCode=ymyj_cRQezn2pufF1DIfV8FnxKFdZvBjj_bmoFPuJ44oxkExbUe-vj&apiKey=fake-api-key"}}
[info] i  To verify the email address divinedotun+2@gmail.com, follow this link: http://127.0.0.1:9099/emulator/action?mode=verifyEmail&lang=en&oobCode=Q-wnFCPqIDQQV9LoZosOfFaCINFlmdFUYODTozHL1Z3VPnGsR4LNRm&apiKey=fake-api-key {"metadata":{"emulator":{"name":"auth"},"message":"To verify the email address divinedotun+2@gmail.com, follow this link: http://127.0.0.1:9099/emulator/action?mode=verifyEmail&lang=en&oobCode=Q-wnFCPqIDQQV9LoZosOfFaCINFlmdFUYODTozHL1Z3VPnGsR4LNRm&apiKey=fake-api-key"}}
[info] i  To verify the email address divinedotun+2@gmail.com, follow this link: http://127.0.0.1:9099/emulator/action?mode=verifyEmail&lang=en&oobCode=DLFFRuVnDkBBpsdtR31BfsUUEbBmZn3b6JtMvbpGG8DGuqDuXxjyAL&apiKey=fake-api-key {"metadata":{"emulator":{"name":"auth"},"message":"To verify the email address divinedotun+2@gmail.com, follow this link: http://127.0.0.1:9099/emulator/action?mode=verifyEmail&lang=en&oobCode=DLFFRuVnDkBBpsdtR31BfsUUEbBmZn3b6JtMvbpGG8DGuqDuXxjyAL&apiKey=fake-api-key"}}
[info] i  To verify the email address divinedotun+2@gmail.com, follow this link: http://127.0.0.1:9099/emulator/action?mode=verifyEmail&lang=en&oobCode=Yvij0RJVyeM9uyNoH2X26PQ-kVnjIMX3ki_NtzdP9C2Pu3J8Fqahxy&apiKey=fake-api-key {"metadata":{"emulator":{"name":"auth"},"message":"To verify the email address divinedotun+2@gmail.com, follow this link: http://127.0.0.1:9099/emulator/action?mode=verifyEmail&lang=en&oobCode=Yvij0RJVyeM9uyNoH2X26PQ-kVnjIMX3ki_NtzdP9C2Pu3J8Fqahxy&apiKey=fake-api-key"}}
[info] i  To verify the email address divinedotun+2@gmail.com, follow this link: http://127.0.0.1:9099/emulator/action?mode=verifyEmail&lang=en&oobCode=dtiS_C7nVh6-TCfMvoISkOM7iPG9RDP2vbXaIPvNKoBpSBOoQT9gCU&apiKey=fake-api-key {"metadata":{"emulator":{"name":"auth"},"message":"To verify the email address divinedotun+2@gmail.com, follow this link: http://127.0.0.1:9099/emulator/action?mode=verifyEmail&lang=en&oobCode=dtiS_C7nVh6-TCfMvoISkOM7iPG9RDP2vbXaIPvNKoBpSBOoQT9gCU&apiKey=fake-api-key"}}
[info] i  To verify the email address divinedotun+2@gmail.com, follow this link: http://127.0.0.1:9099/emulator/action?mode=verifyEmail&lang=en&oobCode=v3dUJSNkwMS8IWGfnoeGzchSevuMpKsBdrlzL-LmXBrJxpdzC4gLe3&apiKey=fake-api-key {"metadata":{"emulator":{"name":"auth"},"message":"To verify the email address divinedotun+2@gmail.com, follow this link: http://127.0.0.1:9099/emulator/action?mode=verifyEmail&lang=en&oobCode=v3dUJSNkwMS8IWGfnoeGzchSevuMpKsBdrlzL-LmXBrJxpdzC4gLe3&apiKey=fake-api-key"}}
[info] i  To verify the email address divinedotun+2@gmail.com, follow this link: http://127.0.0.1:9099/emulator/action?mode=verifyEmail&lang=en&oobCode=BX-BTPo3HJKerJeQtyDRad4cbvAGoeC2B1sFlZgFN76Zhqi5U4Vq5a&apiKey=fake-api-key {"metadata":{"emulator":{"name":"auth"},"message":"To verify the email address divinedotun+2@gmail.com, follow this link: http://127.0.0.1:9099/emulator/action?mode=verifyEmail&lang=en&oobCode=BX-BTPo3HJKerJeQtyDRad4cbvAGoeC2B1sFlZgFN76Zhqi5U4Vq5a&apiKey=fake-api-key"}}
[info] i  To verify the email address divinedotun+2@gmail.com, follow this link: http://127.0.0.1:9099/emulator/action?mode=verifyEmail&lang=en&oobCode=jJfeCqMmmgCyAntefT8Nt46Tb8XXHFspKqJzvl7b6msb-KtxM17dZ8&apiKey=fake-api-key {"metadata":{"emulator":{"name":"auth"},"message":"To verify the email address divinedotun+2@gmail.com, follow this link: http://127.0.0.1:9099/emulator/action?mode=verifyEmail&lang=en&oobCode=jJfeCqMmmgCyAntefT8Nt46Tb8XXHFspKqJzvl7b6msb-KtxM17dZ8&apiKey=fake-api-key"}}
[info] i  To verify the email address divinedotun+2@gmail.com, follow this link: http://127.0.0.1:9099/emulator/action?mode=verifyEmail&lang=en&oobCode=8_Hf-MUrMEIOqQCSYxH-L7e6TebvecCoMeimiTS-Kaw1l3EtVBtD27&apiKey=fake-api-key {"metadata":{"emulator":{"name":"auth"},"message":"To verify the email address divinedotun+2@gmail.com, follow this link: http://127.0.0.1:9099/emulator/action?mode=verifyEmail&lang=en&oobCode=8_Hf-MUrMEIOqQCSYxH-L7e6TebvecCoMeimiTS-Kaw1l3EtVBtD27&apiKey=fake-api-key"}}
[info] i  To verify the email address divinedotun+2@gmail.com, follow this link: http://127.0.0.1:9099/emulator/action?mode=verifyEmail&lang=en&oobCode=uhOr6ACAHvsjsaNA2hJ4KvnZqqS4rTNG5hThwZw8iu8Hs1PWzczrKr&apiKey=fake-api-key {"metadata":{"emulator":{"name":"auth"},"message":"To verify the email address divinedotun+2@gmail.com, follow this link: http://127.0.0.1:9099/emulator/action?mode=verifyEmail&lang=en&oobCode=uhOr6ACAHvsjsaNA2hJ4KvnZqqS4rTNG5hThwZw8iu8Hs1PWzczrKr&apiKey=fake-api-key"}}
[info] i  To verify the email address divinedotun+2@gmail.com, follow this link: http://127.0.0.1:9099/emulator/action?mode=verifyEmail&lang=en&oobCode=DOwFlDNUMspT98gMD0iuTAgo4aEZVVF1jJS_Xivnq55xPrCsmzSIfW&apiKey=fake-api-key {"metadata":{"emulator":{"name":"auth"},"message":"To verify the email address divinedotun+2@gmail.com, follow this link: http://127.0.0.1:9099/emulator/action?mode=verifyEmail&lang=en&oobCode=DOwFlDNUMspT98gMD0iuTAgo4aEZVVF1jJS_Xivnq55xPrCsmzSIfW&apiKey=fake-api-key"}}
[info] i  To verify the email address divinedotun+2@gmail.com, follow this link: http://127.0.0.1:9099/emulator/action?mode=verifyEmail&lang=en&oobCode=LmI2YtjdNHwxFJ-RTMddUoYz7ui9yEh0QYKQduC0_bMjdfE1-AKMMS&apiKey=fake-api-key {"metadata":{"emulator":{"name":"auth"},"message":"To verify the email address divinedotun+2@gmail.com, follow this link: http://127.0.0.1:9099/emulator/action?mode=verifyEmail&lang=en&oobCode=LmI2YtjdNHwxFJ-RTMddUoYz7ui9yEh0QYKQduC0_bMjdfE1-AKMMS&apiKey=fake-api-key"}}
[info] i  To verify the email address divinedotun+2@gmail.com, follow this link: http://127.0.0.1:9099/emulator/action?mode=verifyEmail&lang=en&oobCode=z9XCEB7YmtHU7FnRzmjy1OOwasMo3Js4SYYVTDwJmr2l6O6nWk7Fg4&apiKey=fake-api-key {"metadata":{"emulator":{"name":"auth"},"message":"To verify the email address divinedotun+2@gmail.com, follow this link: http://127.0.0.1:9099/emulator/action?mode=verifyEmail&lang=en&oobCode=z9XCEB7YmtHU7FnRzmjy1OOwasMo3Js4SYYVTDwJmr2l6O6nWk7Fg4&apiKey=fake-api-key"}}
[info] i  To verify the email address divinedotun+2@gmail.com, follow this link: http://127.0.0.1:9099/emulator/action?mode=verifyEmail&lang=en&oobCode=DjcYupvPn5b34U3IIqzn30PAtSgjZIzChgfeevLHWh5jOUtz41fBJm&apiKey=fake-api-key {"metadata":{"emulator":{"name":"auth"},"message":"To verify the email address divinedotun+2@gmail.com, follow this link: http://127.0.0.1:9099/emulator/action?mode=verifyEmail&lang=en&oobCode=DjcYupvPn5b34U3IIqzn30PAtSgjZIzChgfeevLHWh5jOUtz41fBJm&apiKey=fake-api-key"}}
[info] i  To verify the email address divinedotun+2@gmail.com, follow this link: http://127.0.0.1:9099/emulator/action?mode=verifyEmail&lang=en&oobCode=HAi-zKvO0YidHEr9fZsf68Fw3iWoVDT9cWQpkMr4L9AecPuG6YP9hg&apiKey=fake-api-key {"metadata":{"emulator":{"name":"auth"},"message":"To verify the email address divinedotun+2@gmail.com, follow this link: http://127.0.0.1:9099/emulator/action?mode=verifyEmail&lang=en&oobCode=HAi-zKvO0YidHEr9fZsf68Fw3iWoVDT9cWQpkMr4L9AecPuG6YP9hg&apiKey=fake-api-key"}}
[info] i  To verify the email address divinedotun+2@gmail.com, follow this link: http://127.0.0.1:9099/emulator/action?mode=verifyEmail&lang=en&oobCode=xbDyYg97nL6IaYbNhIU1rTe1VY9L2fBNwUuT4Fnjx5JitBirv37Yj_&apiKey=fake-api-key {"metadata":{"emulator":{"name":"auth"},"message":"To verify the email address divinedotun+2@gmail.com, follow this link: http://127.0.0.1:9099/emulator/action?mode=verifyEmail&lang=en&oobCode=xbDyYg97nL6IaYbNhIU1rTe1VY9L2fBNwUuT4Fnjx5JitBirv37Yj_&apiKey=fake-api-key"}}
[info] i  To verify the email address divinedotun+2@gmail.com, follow this link: http://127.0.0.1:9099/emulator/action?mode=verifyEmail&lang=en&oobCode=kbIm66BOlft5RhTTWoI5_JvQriUJ3EePL2b9011uR1daCmT1e3orxW&apiKey=fake-api-key {"metadata":{"emulator":{"name":"auth"},"message":"To verify the email address divinedotun+2@gmail.com, follow this link: http://127.0.0.1:9099/emulator/action?mode=verifyEmail&lang=en&oobCode=kbIm66BOlft5RhTTWoI5_JvQriUJ3EePL2b9011uR1daCmT1e3orxW&apiKey=fake-api-key"}}
[info] i  To verify the email address divinedotun+2@gmail.com, follow this link: http://127.0.0.1:9099/emulator/action?mode=verifyEmail&lang=en&oobCode=3vFQufOQqb2qub--IFW6YVWrTf434WdWhfe4ykCidqYix2JKRblr7W&apiKey=fake-api-key {"metadata":{"emulator":{"name":"auth"},"message":"To verify the email address divinedotun+2@gmail.com, follow this link: http://127.0.0.1:9099/emulator/action?mode=verifyEmail&lang=en&oobCode=3vFQufOQqb2qub--IFW6YVWrTf434WdWhfe4ykCidqYix2JKRblr7W&apiKey=fake-api-key"}}
[info] i  To verify the email address divinedotun+2@gmail.com, follow this link: http://127.0.0.1:9099/emulator/action?mode=verifyEmail&lang=en&oobCode=gkC1R05Ug5BrJiVwc9eiNBR-qZAqBYtw9XGggx_g6qHMBcV3sVEqCa&apiKey=fake-api-key {"metadata":{"emulator":{"name":"auth"},"message":"To verify the email address divinedotun+2@gmail.com, follow this link: http://127.0.0.1:9099/emulator/action?mode=verifyEmail&lang=en&oobCode=gkC1R05Ug5BrJiVwc9eiNBR-qZAqBYtw9XGggx_g6qHMBcV3sVEqCa&apiKey=fake-api-key"}}
[info] i  To verify the email address divinedotun+2@gmail.com, follow this link: http://127.0.0.1:9099/emulator/action?mode=verifyEmail&lang=en&oobCode=zPkFFjd-HaiRRubsKi_R3nbukIY2sxrckh7lRZbUPpvaXMhcQ-3f_n&apiKey=fake-api-key {"metadata":{"emulator":{"name":"auth"},"message":"To verify the email address divinedotun+2@gmail.com, follow this link: http://127.0.0.1:9099/emulator/action?mode=verifyEmail&lang=en&oobCode=zPkFFjd-HaiRRubsKi_R3nbukIY2sxrckh7lRZbUPpvaXMhcQ-3f_n&apiKey=fake-api-key"}}
[info] i  To verify the email address divinedotun+2@gmail.com, follow this link: http://127.0.0.1:9099/emulator/action?mode=verifyEmail&lang=en&oobCode=Z4oIPW8wvwTLrMymHysSQCSFt_5qPWvbvuSiYR1CoU82uB-1tDjUDv&apiKey=fake-api-key {"metadata":{"emulator":{"name":"auth"},"message":"To verify the email address divinedotun+2@gmail.com, follow this link: http://127.0.0.1:9099/emulator/action?mode=verifyEmail&lang=en&oobCode=Z4oIPW8wvwTLrMymHysSQCSFt_5qPWvbvuSiYR1CoU82uB-1tDjUDv&apiKey=fake-api-key"}}
[info] i  To verify the email address divinedotun+2@gmail.com, follow this link: http://127.0.0.1:9099/emulator/action?mode=verifyEmail&lang=en&oobCode=2Kl0GZdquKxZEFJlWCuLuuA2gmPqHfx_WBQyzXWJpWYV7OYIpJINZk&apiKey=fake-api-key {"metadata":{"emulator":{"name":"auth"},"message":"To verify the email address divinedotun+2@gmail.com, follow this link: http://127.0.0.1:9099/emulator/action?mode=verifyEmail&lang=en&oobCode=2Kl0GZdquKxZEFJlWCuLuuA2gmPqHfx_WBQyzXWJpWYV7OYIpJINZk&apiKey=fake-api-key"}}
[info] i  To verify the email address divinedotun+2@gmail.com, follow this link: http://127.0.0.1:9099/emulator/action?mode=verifyEmail&lang=en&oobCode=eSqWWmHO7g0PGF0xaibDQpo52qwAWw4mEuLH8sX9jpAXWJB0jkN2EP&apiKey=fake-api-key {"metadata":{"emulator":{"name":"auth"},"message":"To verify the email address divinedotun+2@gmail.com, follow this link: http://127.0.0.1:9099/emulator/action?mode=verifyEmail&lang=en&oobCode=eSqWWmHO7g0PGF0xaibDQpo52qwAWw4mEuLH8sX9jpAXWJB0jkN2EP&apiKey=fake-api-key"}}
[info] i  To verify the email address divinedotun+2@gmail.com, follow this link: http://127.0.0.1:9099/emulator/action?mode=verifyEmail&lang=en&oobCode=vhoxbZHibpKFlRbvYyQcbz8c6NEonrUWACdoNT9kcmP6zb5JLDfroD&apiKey=fake-api-key {"metadata":{"emulator":{"name":"auth"},"message":"To verify the email address divinedotun+2@gmail.com, follow this link: http://127.0.0.1:9099/emulator/action?mode=verifyEmail&lang=en&oobCode=vhoxbZHibpKFlRbvYyQcbz8c6NEonrUWACdoNT9kcmP6zb5JLDfroD&apiKey=fake-api-key"}}
[info] i  To verify the email address divinedotun+2@gmail.com, follow this link: http://127.0.0.1:9099/emulator/action?mode=verifyEmail&lang=en&oobCode=Ym2LknVdHG-0CpakYRkmrfOiCEs0ZV_RCz0nYa1d3saZhQeeN7sK73&apiKey=fake-api-key {"metadata":{"emulator":{"name":"auth"},"message":"To verify the email address divinedotun+2@gmail.com, follow this link: http://127.0.0.1:9099/emulator/action?mode=verifyEmail&lang=en&oobCode=Ym2LknVdHG-0CpakYRkmrfOiCEs0ZV_RCz0nYa1d3saZhQeeN7sK73&apiKey=fake-api-key"}}
[info] i  To verify the email address divinedotun+2@gmail.com, follow this link: http://127.0.0.1:9099/emulator/action?mode=verifyEmail&lang=en&oobCode=3h7JweKljTEjLyJWJfeR_8nbHx4U42MeaeRVTRklkf-sVDtfySgyUR&apiKey=fake-api-key {"metadata":{"emulator":{"name":"auth"},"message":"To verify the email address divinedotun+2@gmail.com, follow this link: http://127.0.0.1:9099/emulator/action?mode=verifyEmail&lang=en&oobCode=3h7JweKljTEjLyJWJfeR_8nbHx4U42MeaeRVTRklkf-sVDtfySgyUR&apiKey=fake-api-key"}}
[info] i  To verify the email address divinedotun+2@gmail.com, follow this link: http://127.0.0.1:9099/emulator/action?mode=verifyEmail&lang=en&oobCode=ui8Od2Q6orXLp7ntXJs93NoklajzyHIGRaTffEnOb_zj7s-erdeNsF&apiKey=fake-api-key {"metadata":{"emulator":{"name":"auth"},"message":"To verify the email address divinedotun+2@gmail.com, follow this link: http://127.0.0.1:9099/emulator/action?mode=verifyEmail&lang=en&oobCode=ui8Od2Q6orXLp7ntXJs93NoklajzyHIGRaTffEnOb_zj7s-erdeNsF&apiKey=fake-api-key"}}
[info] i  To verify the email address divinedotun+2@gmail.com, follow this link: http://127.0.0.1:9099/emulator/action?mode=verifyEmail&lang=en&oobCode=vcS0iQnsy2io5vqxO1ZLG2XHNtZbpZzSnRRyNba-uoIIm6RfmEQL1E&apiKey=fake-api-key {"metadata":{"emulator":{"name":"auth"},"message":"To verify the email address divinedotun+2@gmail.com, follow this link: http://127.0.0.1:9099/emulator/action?mode=verifyEmail&lang=en&oobCode=vcS0iQnsy2io5vqxO1ZLG2XHNtZbpZzSnRRyNba-uoIIm6RfmEQL1E&apiKey=fake-api-key"}}
[info] i  To verify the email address divinedotun+2@gmail.com, follow this link: http://127.0.0.1:9099/emulator/action?mode=verifyEmail&lang=en&oobCode=bZe6BwGXwJ6x3g1L-LJdB4eJM0Qi1lMpSlyvYNl6RbQ_c4fCsdU__U&apiKey=fake-api-key {"metadata":{"emulator":{"name":"auth"},"message":"To verify the email address divinedotun+2@gmail.com, follow this link: http://127.0.0.1:9099/emulator/action?mode=verifyEmail&lang=en&oobCode=bZe6BwGXwJ6x3g1L-LJdB4eJM0Qi1lMpSlyvYNl6RbQ_c4fCsdU__U&apiKey=fake-api-key"}}
[info] i  To verify the email address divinedotun+2@gmail.com, follow this link: http://127.0.0.1:9099/emulator/action?mode=verifyEmail&lang=en&oobCode=nB01UIWYlpXAWc-Bcl6oyVqGlnMS7MJmQJCEjipZRamBKNgJeuElmT&apiKey=fake-api-key {"metadata":{"emulator":{"name":"auth"},"message":"To verify the email address divinedotun+2@gmail.com, follow this link: http://127.0.0.1:9099/emulator/action?mode=verifyEmail&lang=en&oobCode=nB01UIWYlpXAWc-Bcl6oyVqGlnMS7MJmQJCEjipZRamBKNgJeuElmT&apiKey=fake-api-key"}}
[info] i  To verify the email address divinedotun+2@gmail.com, follow this link: http://127.0.0.1:9099/emulator/action?mode=verifyEmail&lang=en&oobCode=_JdWsYaz-jFXOhJ7KHB2NKsHRnu9XC4ATzOWH7IQUYnjVClOKkDUEd&apiKey=fake-api-key {"metadata":{"emulator":{"name":"auth"},"message":"To verify the email address divinedotun+2@gmail.com, follow this link: http://127.0.0.1:9099/emulator/action?mode=verifyEmail&lang=en&oobCode=_JdWsYaz-jFXOhJ7KHB2NKsHRnu9XC4ATzOWH7IQUYnjVClOKkDUEd&apiKey=fake-api-key"}}
[info] i  To verify the email address divinedotun+2@gmail.com, follow this link: http://127.0.0.1:9099/emulator/action?mode=verifyEmail&lang=en&oobCode=fUM9Qv9fkm_7gQ_17ekQjr3yQVyCT_Z5_KXAeFf4kntFDFR0-CGJSd&apiKey=fake-api-key {"metadata":{"emulator":{"name":"auth"},"message":"To verify the email address divinedotun+2@gmail.com, follow this link: http://127.0.0.1:9099/emulator/action?mode=verifyEmail&lang=en&oobCode=fUM9Qv9fkm_7gQ_17ekQjr3yQVyCT_Z5_KXAeFf4kntFDFR0-CGJSd&apiKey=fake-api-key"}}
[info] i  To verify the email address divinedotun+2@gmail.com, follow this link: http://127.0.0.1:9099/emulator/action?mode=verifyEmail&lang=en&oobCode=5ERTLaJodLaV_DZd5y0yVZ8UBdETzplhS7_CLUzHMESXMZr14jVZiV&apiKey=fake-api-key {"metadata":{"emulator":{"name":"auth"},"message":"To verify the email address divinedotun+2@gmail.com, follow this link: http://127.0.0.1:9099/emulator/action?mode=verifyEmail&lang=en&oobCode=5ERTLaJodLaV_DZd5y0yVZ8UBdETzplhS7_CLUzHMESXMZr14jVZiV&apiKey=fake-api-key"}}
[info] i  To verify the email address divinedotun+2@gmail.com, follow this link: http://127.0.0.1:9099/emulator/action?mode=verifyEmail&lang=en&oobCode=R6sTrWlcRBa0q2jcC6SuYnbp0DXukIi2LAsbHC4Iontx8c9CPSFOn7&apiKey=fake-api-key {"metadata":{"emulator":{"name":"auth"},"message":"To verify the email address divinedotun+2@gmail.com, follow this link: http://127.0.0.1:9099/emulator/action?mode=verifyEmail&lang=en&oobCode=R6sTrWlcRBa0q2jcC6SuYnbp0DXukIi2LAsbHC4Iontx8c9CPSFOn7&apiKey=fake-api-key"}}
[info] i  To verify the email address divinedotun+2@gmail.com, follow this link: http://127.0.0.1:9099/emulator/action?mode=verifyEmail&lang=en&oobCode=Z0uA-ebA3bb0J1dtQYd5Upw90v2iLYopz6JmGIensMalAcZBSiOW6b&apiKey=fake-api-key {"metadata":{"emulator":{"name":"auth"},"message":"To verify the email address divinedotun+2@gmail.com, follow this link: http://127.0.0.1:9099/emulator/action?mode=verifyEmail&lang=en&oobCode=Z0uA-ebA3bb0J1dtQYd5Upw90v2iLYopz6JmGIensMalAcZBSiOW6b&apiKey=fake-api-key"}}
[info] i  To verify the email address divinedotun+2@gmail.com, follow this link: http://127.0.0.1:9099/emulator/action?mode=verifyEmail&lang=en&oobCode=JbUz0rYpx_RVIa2Zodmu92rBvPP2qYIFoFALapoEpS9ffSZkD2l2Cq&apiKey=fake-api-key {"metadata":{"emulator":{"name":"auth"},"message":"To verify the email address divinedotun+2@gmail.com, follow this link: http://127.0.0.1:9099/emulator/action?mode=verifyEmail&lang=en&oobCode=JbUz0rYpx_RVIa2Zodmu92rBvPP2qYIFoFALapoEpS9ffSZkD2l2Cq&apiKey=fake-api-key"}}
[info] i  To verify the email address divinedotun+2@gmail.com, follow this link: http://127.0.0.1:9099/emulator/action?mode=verifyEmail&lang=en&oobCode=pVM9xJB9aj0xtm_xa7X_5zgG_SEddMn5b0q1skB-vQvcthGE53SsAS&apiKey=fake-api-key {"metadata":{"emulator":{"name":"auth"},"message":"To verify the email address divinedotun+2@gmail.com, follow this link: http://127.0.0.1:9099/emulator/action?mode=verifyEmail&lang=en&oobCode=pVM9xJB9aj0xtm_xa7X_5zgG_SEddMn5b0q1skB-vQvcthGE53SsAS&apiKey=fake-api-key"}}
[info] i  To verify the email address divinedotun+2@gmail.com, follow this link: http://127.0.0.1:9099/emulator/action?mode=verifyEmail&lang=en&oobCode=hxIfzSWVIB5H8N0bHOB52Nf_DkToTMtZShmfxp2UAhxvJRBIIUDCHz&apiKey=fake-api-key {"metadata":{"emulator":{"name":"auth"},"message":"To verify the email address divinedotun+2@gmail.com, follow this link: http://127.0.0.1:9099/emulator/action?mode=verifyEmail&lang=en&oobCode=hxIfzSWVIB5H8N0bHOB52Nf_DkToTMtZShmfxp2UAhxvJRBIIUDCHz&apiKey=fake-api-key"}}
[info] i  To verify the email address divinedotun+2@gmail.com, follow this link: http://127.0.0.1:9099/emulator/action?mode=verifyEmail&lang=en&oobCode=s99L5xWwLAppYOdt5Z7Daghfzf14TiPWddxeR1J-scSA0AsvKwYQLT&apiKey=fake-api-key {"metadata":{"emulator":{"name":"auth"},"message":"To verify the email address divinedotun+2@gmail.com, follow this link: http://127.0.0.1:9099/emulator/action?mode=verifyEmail&lang=en&oobCode=s99L5xWwLAppYOdt5Z7Daghfzf14TiPWddxeR1J-scSA0AsvKwYQLT&apiKey=fake-api-key"}}
[info] i  To verify the email address divinedotun+2@gmail.com, follow this link: http://127.0.0.1:9099/emulator/action?mode=verifyEmail&lang=en&oobCode=t47xjNR5db6r5BTfqbLg2C9FbemBSplMXOOcfw_COcGZ94pw0gzZVO&apiKey=fake-api-key {"metadata":{"emulator":{"name":"auth"},"message":"To verify the email address divinedotun+2@gmail.com, follow this link: http://127.0.0.1:9099/emulator/action?mode=verifyEmail&lang=en&oobCode=t47xjNR5db6r5BTfqbLg2C9FbemBSplMXOOcfw_COcGZ94pw0gzZVO&apiKey=fake-api-key"}}
[info] i  To verify the email address divinedotun+2@gmail.com, follow this link: http://127.0.0.1:9099/emulator/action?mode=verifyEmail&lang=en&oobCode=gTz6qGkXnYI2G2S6qZQzfB_meftURNP-0mu2Rk2oxPvyoJYvkTfh4D&apiKey=fake-api-key {"metadata":{"emulator":{"name":"auth"},"message":"To verify the email address divinedotun+2@gmail.com, follow this link: http://127.0.0.1:9099/emulator/action?mode=verifyEmail&lang=en&oobCode=gTz6qGkXnYI2G2S6qZQzfB_meftURNP-0mu2Rk2oxPvyoJYvkTfh4D&apiKey=fake-api-key"}}
[info] i  To verify the email address divinedotun+2@gmail.com, follow this link: http://127.0.0.1:9099/emulator/action?mode=verifyEmail&lang=en&oobCode=OgwOL901w1u4kVG2N2yDupQZfWHwInFB1yAeeSX8SoFTVIrvw_GpNQ&apiKey=fake-api-key {"metadata":{"emulator":{"name":"auth"},"message":"To verify the email address divinedotun+2@gmail.com, follow this link: http://127.0.0.1:9099/emulator/action?mode=verifyEmail&lang=en&oobCode=OgwOL901w1u4kVG2N2yDupQZfWHwInFB1yAeeSX8SoFTVIrvw_GpNQ&apiKey=fake-api-key"}}
[info] i  To verify the email address divinedotun+2@gmail.com, follow this link: http://127.0.0.1:9099/emulator/action?mode=verifyEmail&lang=en&oobCode=RQOJO0wg8bgr1dYvEBOD8baK6574l5EE_XZp2VCrnHCYVsaBBI0Np5&apiKey=fake-api-key {"metadata":{"emulator":{"name":"auth"},"message":"To verify the email address divinedotun+2@gmail.com, follow this link: http://127.0.0.1:9099/emulator/action?mode=verifyEmail&lang=en&oobCode=RQOJO0wg8bgr1dYvEBOD8baK6574l5EE_XZp2VCrnHCYVsaBBI0Np5&apiKey=fake-api-key"}}
[info] i  To verify the email address divinedotun+2@gmail.com, follow this link: http://127.0.0.1:9099/emulator/action?mode=verifyEmail&lang=en&oobCode=VPwSwMOzzC-EKCJ0lJeptjtGPPMiZf7jiAl6LMumhW_MbLr7b4CPjR&apiKey=fake-api-key {"metadata":{"emulator":{"name":"auth"},"message":"To verify the email address divinedotun+2@gmail.com, follow this link: http://127.0.0.1:9099/emulator/action?mode=verifyEmail&lang=en&oobCode=VPwSwMOzzC-EKCJ0lJeptjtGPPMiZf7jiAl6LMumhW_MbLr7b4CPjR&apiKey=fake-api-key"}}
[info] i  To verify the email address divinedotun+2@gmail.com, follow this link: http://127.0.0.1:9099/emulator/action?mode=verifyEmail&lang=en&oobCode=bxkNNS6yqfdlU9wmb6UTlTpZPCCtDBBBXrMBSxcUz6AVWtgz_5nIfa&apiKey=fake-api-key {"metadata":{"emulator":{"name":"auth"},"message":"To verify the email address divinedotun+2@gmail.com, follow this link: http://127.0.0.1:9099/emulator/action?mode=verifyEmail&lang=en&oobCode=bxkNNS6yqfdlU9wmb6UTlTpZPCCtDBBBXrMBSxcUz6AVWtgz_5nIfa&apiKey=fake-api-key"}}
[info] i  To verify the email address divinedotun+2@gmail.com, follow this link: http://127.0.0.1:9099/emulator/action?mode=verifyEmail&lang=en&oobCode=hH1d0oF6bonVDKBLhT0nMqVTeBgATuew5e0NDFpwARTg0vmUQ8wjhB&apiKey=fake-api-key {"metadata":{"emulator":{"name":"auth"},"message":"To verify the email address divinedotun+2@gmail.com, follow this link: http://127.0.0.1:9099/emulator/action?mode=verifyEmail&lang=en&oobCode=hH1d0oF6bonVDKBLhT0nMqVTeBgATuew5e0NDFpwARTg0vmUQ8wjhB&apiKey=fake-api-key"}}
[info] i  To verify the email address divinedotun+2@gmail.com, follow this link: http://127.0.0.1:9099/emulator/action?mode=verifyEmail&lang=en&oobCode=moQLltakeAEZh8ddP1s6oq3v71GUj-QE-Dg1GUfksnrO67PhJhzqU9&apiKey=fake-api-key {"metadata":{"emulator":{"name":"auth"},"message":"To verify the email address divinedotun+2@gmail.com, follow this link: http://127.0.0.1:9099/emulator/action?mode=verifyEmail&lang=en&oobCode=moQLltakeAEZh8ddP1s6oq3v71GUj-QE-Dg1GUfksnrO67PhJhzqU9&apiKey=fake-api-key"}}
[info] i  To verify the email address divinedotun+2@gmail.com, follow this link: http://127.0.0.1:9099/emulator/action?mode=verifyEmail&lang=en&oobCode=_K4x5cn1IO1eBV7Rr3nMG2l-X_s-tdxequP71RIuLg54LaHkv2mloz&apiKey=fake-api-key {"metadata":{"emulator":{"name":"auth"},"message":"To verify the email address divinedotun+2@gmail.com, follow this link: http://127.0.0.1:9099/emulator/action?mode=verifyEmail&lang=en&oobCode=_K4x5cn1IO1eBV7Rr3nMG2l-X_s-tdxequP71RIuLg54LaHkv2mloz&apiKey=fake-api-key"}}
[info] i  To verify the email address divinedotun+2@gmail.com, follow this link: http://127.0.0.1:9099/emulator/action?mode=verifyEmail&lang=en&oobCode=vVgTT0L0Yo6tWZkyfvGQllNSSfIHtWVQHYYUhCuucxAvDz7lhn1OoZ&apiKey=fake-api-key {"metadata":{"emulator":{"name":"auth"},"message":"To verify the email address divinedotun+2@gmail.com, follow this link: http://127.0.0.1:9099/emulator/action?mode=verifyEmail&lang=en&oobCode=vVgTT0L0Yo6tWZkyfvGQllNSSfIHtWVQHYYUhCuucxAvDz7lhn1OoZ&apiKey=fake-api-key"}}
[info] i  To verify the email address divinedotun+2@gmail.com, follow this link: http://127.0.0.1:9099/emulator/action?mode=verifyEmail&lang=en&oobCode=eAuaYWF8VbNOkYyNV4GOW6D2U_XAGrBpQSwAk7OyR0I2IDF02WzGFJ&apiKey=fake-api-key {"metadata":{"emulator":{"name":"auth"},"message":"To verify the email address divinedotun+2@gmail.com, follow this link: http://127.0.0.1:9099/emulator/action?mode=verifyEmail&lang=en&oobCode=eAuaYWF8VbNOkYyNV4GOW6D2U_XAGrBpQSwAk7OyR0I2IDF02WzGFJ&apiKey=fake-api-key"}}
[info] i  To verify the email address divinedotun+2@gmail.com, follow this link: http://127.0.0.1:9099/emulator/action?mode=verifyEmail&lang=en&oobCode=dLpSL64UjOndyIzqZ03GhB_kXPV3kGUS7AOJxSKr8TcfZQvAAxcht1&apiKey=fake-api-key {"metadata":{"emulator":{"name":"auth"},"message":"To verify the email address divinedotun+2@gmail.com, follow this link: http://127.0.0.1:9099/emulator/action?mode=verifyEmail&lang=en&oobCode=dLpSL64UjOndyIzqZ03GhB_kXPV3kGUS7AOJxSKr8TcfZQvAAxcht1&apiKey=fake-api-key"}}
[info] i  To verify the email address divinedotun+2@gmail.com, follow this link: http://127.0.0.1:9099/emulator/action?mode=verifyEmail&lang=en&oobCode=SrAKvJUE0GY-WpD5OqYr1jSwMhHMEh2vdASrv3pI5EUvLE7m62yiPq&apiKey=fake-api-key {"metadata":{"emulator":{"name":"auth"},"message":"To verify the email address divinedotun+2@gmail.com, follow this link: http://127.0.0.1:9099/emulator/action?mode=verifyEmail&lang=en&oobCode=SrAKvJUE0GY-WpD5OqYr1jSwMhHMEh2vdASrv3pI5EUvLE7m62yiPq&apiKey=fake-api-key"}}
[info] i  To verify the email address divinedotun+2@gmail.com, follow this link: http://127.0.0.1:9099/emulator/action?mode=verifyEmail&lang=en&oobCode=nEuzX4R5z6kEd-_xEwJz6FJsHOcKWPoDiYNNPbGf7geDGwTnGIAYiJ&apiKey=fake-api-key {"metadata":{"emulator":{"name":"auth"},"message":"To verify the email address divinedotun+2@gmail.com, follow this link: http://127.0.0.1:9099/emulator/action?mode=verifyEmail&lang=en&oobCode=nEuzX4R5z6kEd-_xEwJz6FJsHOcKWPoDiYNNPbGf7geDGwTnGIAYiJ&apiKey=fake-api-key"}}
[info] i  To verify the email address divinedotun+2@gmail.com, follow this link: http://127.0.0.1:9099/emulator/action?mode=verifyEmail&lang=en&oobCode=w9kVthGfeGoa56OjJKRQfbesx1pkQhou8NiK_tYZyL1xfNEUxHlcHY&apiKey=fake-api-key {"metadata":{"emulator":{"name":"auth"},"message":"To verify the email address divinedotun+2@gmail.com, follow this link: http://127.0.0.1:9099/emulator/action?mode=verifyEmail&lang=en&oobCode=w9kVthGfeGoa56OjJKRQfbesx1pkQhou8NiK_tYZyL1xfNEUxHlcHY&apiKey=fake-api-key"}}
[info] i  To verify the email address divinedotun+2@gmail.com, follow this link: http://127.0.0.1:9099/emulator/action?mode=verifyEmail&lang=en&oobCode=6rx4LLkq6KuQPknmlYgHbtZMihjBCKtKrs4XfJcu8jyOnlc7o31u-T&apiKey=fake-api-key {"metadata":{"emulator":{"name":"auth"},"message":"To verify the email address divinedotun+2@gmail.com, follow this link: http://127.0.0.1:9099/emulator/action?mode=verifyEmail&lang=en&oobCode=6rx4LLkq6KuQPknmlYgHbtZMihjBCKtKrs4XfJcu8jyOnlc7o31u-T&apiKey=fake-api-key"}}
[info] i  To verify the email address divinedotun+2@gmail.com, follow this link: http://127.0.0.1:9099/emulator/action?mode=verifyEmail&lang=en&oobCode=sWWWvziSwoSKDToldVpKJAtqjH-MonZ2Qfx9YMaVWdPKGiMkLrrve_&apiKey=fake-api-key {"metadata":{"emulator":{"name":"auth"},"message":"To verify the email address divinedotun+2@gmail.com, follow this link: http://127.0.0.1:9099/emulator/action?mode=verifyEmail&lang=en&oobCode=sWWWvziSwoSKDToldVpKJAtqjH-MonZ2Qfx9YMaVWdPKGiMkLrrve_&apiKey=fake-api-key"}}
[info] i  To verify the email address divinedotun+2@gmail.com, follow this link: http://127.0.0.1:9099/emulator/action?mode=verifyEmail&lang=en&oobCode=QrOLiTNPMo_llgu_C0DjufApHR6UtjfkVmwLpgLTIzW5ID0hXJh4kt&apiKey=fake-api-key {"metadata":{"emulator":{"name":"auth"},"message":"To verify the email address divinedotun+2@gmail.com, follow this link: http://127.0.0.1:9099/emulator/action?mode=verifyEmail&lang=en&oobCode=QrOLiTNPMo_llgu_C0DjufApHR6UtjfkVmwLpgLTIzW5ID0hXJh4kt&apiKey=fake-api-key"}}
[info] i  To verify the email address divinedotun+2@gmail.com, follow this link: http://127.0.0.1:9099/emulator/action?mode=verifyEmail&lang=en&oobCode=WWK4leKU-r0bWu5qP6JJ7nNqLihSNKiTPazjIUVsCQGWrmVXu68pto&apiKey=fake-api-key {"metadata":{"emulator":{"name":"auth"},"message":"To verify the email address divinedotun+2@gmail.com, follow this link: http://127.0.0.1:9099/emulator/action?mode=verifyEmail&lang=en&oobCode=WWK4leKU-r0bWu5qP6JJ7nNqLihSNKiTPazjIUVsCQGWrmVXu68pto&apiKey=fake-api-key"}}
